<?xml version="1.0" encoding="UTF-8"?>
<!-- Generated by org.testng.reporters.JUnitReportReporter -->
<testsuite skipped="1" hostname="Princes-MacBook-Pro.local" name="learningSession1.DataDrivenTestingReadingData" tests="1" failures="0" timestamp="2023-03-09T20:57:26 CST" time="0.000" errors="0">
  <testcase name="facebookLogin" time="0.000" classname="learningSession1.DataDrivenTestingReadingData">
    <skipped/>
  </testcase> <!-- facebookLogin -->
  <system-out/>
</testsuite> <!-- learningSession1.DataDrivenTestingReadingData -->
