<?xml version="1.0" encoding="UTF-8"?>
<!-- Generated by org.testng.reporters.JUnitReportReporter -->
<testsuite skipped="0" hostname="Princes-MBP.hitronhub.home" name="practice.NewTest2" tests="1" failures="0" timestamp="2023-02-27T19:36:47 CST" time="0.000" errors="0">
  <testcase name="package2test" time="0.000" classname="practice.NewTest2"/>
  <system-out/>
</testsuite> <!-- practice.NewTest2 -->
